[8/20/2022 3:05:09 PM] [Info] [registered] /more (Rocket.Unturned.Commands.CommandMore/more)
[8/20/2022 3:05:09 PM] [Info] Other mapping to: Rocket.Unturned.Commands.UnturnedCommands/admin / Rocket.Unturned.Commands.CommandAdmin/admin
[8/20/2022 3:05:09 PM] [Info] [registered] /admin (Rocket.Unturned.Commands.CommandAdmin/admin)
[8/20/2022 3:05:09 PM] [Info] [registered] /broadcast (Rocket.Unturned.Commands.CommandBroadcast/broadcast)
[8/20/2022 3:05:09 PM] [Info] [registered] /compass (Rocket.Unturned.Commands.CommandCompass/compass)
[8/20/2022 3:05:09 PM] [Info] [registered] /effect (Rocket.Unturned.Commands.CommandEffect/effect)
[8/20/2022 3:05:09 PM] [Info] [registered] /exit (Rocket.Unturned.Commands.CommandExit/exit)
[8/20/2022 3:05:09 PM] [Info] [registered] /god (Rocket.Unturned.Commands.CommandGod/god)
[8/20/2022 3:05:09 PM] [Info] [registered] /heal (Rocket.Unturned.Commands.CommandHeal/heal)
[8/20/2022 3:05:09 PM] [Info] Other mapping to: Rocket.Unturned.Commands.UnturnedCommands/help / Rocket.Unturned.Commands.CommandHelp/help
[8/20/2022 3:05:09 PM] [Info] [registered] /help (Rocket.Unturned.Commands.CommandHelp/help)
[8/20/2022 3:05:09 PM] [Info] [registered] /home (Rocket.Unturned.Commands.CommandHome/home)
[8/20/2022 3:05:09 PM] [Info] [registered] /i (Rocket.Unturned.Commands.CommandI/i)
[8/20/2022 3:05:09 PM] [Info] [registered] /item (Rocket.Unturned.Commands.CommandI/item)
[8/20/2022 3:05:09 PM] [Info] [registered] /investigate (Rocket.Unturned.Commands.CommandInvestigate/investigate)
[8/20/2022 3:05:09 PM] [Info] [registered] /p (Rocket.Unturned.Commands.CommandP/p)
[8/20/2022 3:05:09 PM] [Info] [registered] /permissions (Rocket.Unturned.Commands.CommandP/permissions)
[8/20/2022 3:05:09 PM] [Info] [registered] /rocket (Rocket.Unturned.Commands.CommandRocket/rocket)
[8/20/2022 3:05:09 PM] [Info] [registered] /tp (Rocket.Unturned.Commands.CommandTp/tp)
[8/20/2022 3:05:09 PM] [Info] [registered] /tphere (Rocket.Unturned.Commands.CommandTphere/tphere)
[8/20/2022 3:05:09 PM] [Info] Other mapping to: Rocket.Unturned.Commands.UnturnedCommands/unadmin / Rocket.Unturned.Commands.CommandUnadmin/unadmin
[8/20/2022 3:05:09 PM] [Info] [registered] /unadmin (Rocket.Unturned.Commands.CommandUnadmin/unadmin)
[8/20/2022 3:05:09 PM] [Info] [registered] /v (Rocket.Unturned.Commands.CommandV/v)
[8/20/2022 3:05:09 PM] [Info] [registered] /vanish (Rocket.Unturned.Commands.CommandVanish/vanish)
[8/20/2022 3:05:09 PM] [Error] Invalid or outdated plugin assembly: TPA
[8/20/2022 3:05:09 PM] [Info] This server will automatically save every 1800 seconds
[8/20/2022 3:05:11 PM] [Info] Steam servers ready!
[8/20/2022 3:05:11 PM] [Info] Workshop install folder: C:\Users\Yan\Desktop\unturned_project\steamCMD\steamapps\common\U3DS/Servers/Israel best server/Workshop/Steam
[8/20/2022 3:05:11 PM] [Info] 0 workshop item(s) requested
[8/20/2022 3:05:11 PM] [Info] Loading level: 8%
[8/20/2022 3:05:12 PM] [Info] Loading level: 16%
[8/20/2022 3:05:12 PM] [Info] Loading level: 25%
[8/20/2022 3:05:12 PM] [Info] Loading level: 33%
[8/20/2022 3:05:12 PM] [Info] Loading level: 41%
[8/20/2022 3:05:12 PM] [Info] Loading level: 50%
[8/20/2022 3:05:12 PM] [Info] Loading level: 58%
[8/20/2022 3:05:12 PM] [Info] Loading level: 66%
[8/20/2022 3:05:12 PM] [Info] Loading level: 75%
[8/20/2022 3:05:12 PM] [Info] Loading level: 83%
[8/20/2022 3:05:12 PM] [Info] Loading level: 91%
[8/20/2022 3:05:12 PM] [Info] Loading level: 100%
[8/20/2022 3:06:25 PM] [Info] Connecting: PlayerID: 76561198130270477 Name: ChiefVodka Character: ChiefVodka
[8/20/2022 3:06:45 PM] [Info] [World] ChiefVodka [ChiefVodka]: "/tp"
[8/20/2022 3:06:48 PM] [Info] [World] ChiefVodka [ChiefVodka]: "/tp Chief"
[8/20/2022 3:06:51 PM] [Info] ChiefVodka teleported to ChiefVodka
[8/20/2022 3:06:51 PM] [Info] [World] ChiefVodka [ChiefVodka]: "/tpa"
[8/20/2022 3:06:57 PM] [Info] [World] ChiefVodka [ChiefVodka]: "/kit"
[8/20/2022 3:06:59 PM] [Info] [World] ChiefVodka [ChiefVodka]: "/kits"
[8/20/2022 3:08:38 PM] [Info] [World] ChiefVodka [ChiefVodka]: "/admins"
[8/20/2022 3:08:40 PM] [Error] Failed to find any admins.
[8/20/2022 3:08:40 PM] [Info] [World] ChiefVodka [ChiefVodka]: "/admin"
[8/20/2022 3:08:40 PM] [Error] Failed to find anyone called .
[8/20/2022 3:08:50 PM] [Info] [World] ChiefVodka [ChiefVodka]: "/p"
[8/20/2022 3:11:56 PM] [Info] Disconnecting: PlayerID: 76561198130270477 Name: ChiefVodka Character: ChiefVodka
[8/20/2022 3:12:23 PM] [Info] Connecting: PlayerID: 76561198130270477 Name: ChiefVodka Character: ChiefVodka
[8/20/2022 3:12:29 PM] [Info] Disconnecting: PlayerID: 76561198130270477 Name: ChiefVodka Character: ChiefVodka
